Using pre-set license
Built from '2020.2/staging' branch; Version is '2020.2.7f1 (c53830e277f1) revision 12924976'; Using compiler version '192528614'; Build Type 'Release'
OS: 'Windows 10 Pro; OS build 19041.928; Version 2004; 64bit' Language: 'en' Physical Memory: 16326 MB
BatchMode: 1, IsHumanControllingUs: 0, StartBugReporterOnCrash: 0, Is64bit: 1, IsPro: 0

 COMMAND LINE ARGUMENTS:
C:\Program Files\Unity\Hub\Editor\2020.2.7f1\Editor\Unity.exe
-adb2
-batchMode
-noUpm
-name
AssetImportWorker0
-projectPath
C:/dev/LudumDare48/Unity/KSLudumDare48
-logFile
Logs/AssetImportWorker0.log
-srvPort
64227
Successfully changed project path to: C:/dev/LudumDare48/Unity/KSLudumDare48
C:/dev/LudumDare48/Unity/KSLudumDare48
Using Asset Import Pipeline V2.
Refreshing native plugins compatible for Editor in 36.09 ms, found 1 plugins.
Preloading 0 native plugins for Editor in 0.00 ms.
Initialize engine version: 2020.2.7f1 (c53830e277f1)
[Subsystems] Discovering subsystems at path C:/Program Files/Unity/Hub/Editor/2020.2.7f1/Editor/Data/Resources/UnitySubsystems
[Subsystems] Discovering subsystems at path C:/dev/LudumDare48/Unity/KSLudumDare48/Assets
GfxDevice: creating device client; threaded=0
Direct3D:
    Version:  Direct3D 11.0 [level 11.1]
    Renderer: NVIDIA GeForce GT 1030 (ID=0x1d01)
    Vendor:   
    VRAM:     1982 MB
    Driver:   27.21.14.5671
Initialize mono
Mono path[0] = 'C:/Program Files/Unity/Hub/Editor/2020.2.7f1/Editor/Data/Managed'
Mono path[1] = 'C:/Program Files/Unity/Hub/Editor/2020.2.7f1/Editor/Data/MonoBleedingEdge/lib/mono/unityjit'
Mono config path = 'C:/Program Files/Unity/Hub/Editor/2020.2.7f1/Editor/Data/MonoBleedingEdge/etc'
Using monoOptions --debugger-agent=transport=dt_socket,embedding=1,server=y,suspend=n,address=127.0.0.1:56608
Begin MonoManager ReloadAssembly
Registering precompiled unity dll's ...
Register platform support module: C:/Program Files/Unity/Hub/Editor/2020.2.7f1/Editor/Data/PlaybackEngines/WindowsStandaloneSupport/UnityEditor.WindowsStandalone.Extensions.dll
Registered in 0.002509 seconds.
Native extension for WindowsStandalone target not found
Refreshing native plugins compatible for Editor in 40.32 ms, found 1 plugins.
Preloading 0 native plugins for Editor in 0.00 ms.
Invoked RoslynAnalysisRunner static constructor.
RoslynAnalysisRunner will not be running.
RoslynAnalysisRunner has terminated.
Mono: successfully reloaded assembly
- Completed reload, in  2.414 seconds
Platform modules already initialized, skipping
Registering precompiled user dll's ...
Registered in 0.001083 seconds.
Begin MonoManager ReloadAssembly
Native extension for WindowsStandalone target not found
Refreshing native plugins compatible for Editor in 35.34 ms, found 1 plugins.
Preloading 0 native plugins for Editor in 0.00 ms.
Invoked RoslynAnalysisRunner static constructor.
RoslynAnalysisRunner will not be running.
RoslynAnalysisRunner has terminated.
Mono: successfully reloaded assembly
- Completed reload, in  1.179 seconds
Platform modules already initialized, skipping
========================================================================
Worker process is ready to serve import requests
Launched and connected shader compiler UnityShaderCompiler.exe after 0.05 seconds
Refreshing native plugins compatible for Editor in 0.39 ms, found 1 plugins.
Preloading 0 native plugins for Editor in 0.00 ms.
Unloading 1806 Unused Serialized files (Serialized files now loaded: 0)
System memory in use before: 84.6 MB.
System memory in use after: 84.6 MB.

Unloading 24 unused Assets to reduce memory usage. Loaded Objects now: 2248.
Total: 3.012500 ms (FindLiveObjects: 0.277000 ms CreateObjectMapping: 0.186900 ms MarkObjects: 2.407800 ms  DeleteObjects: 0.140000 ms)

========================================================================
Received Import Request.
  path: Assets/Resources
  artifactKey: Guid(d17351fc204e42d4e9a67578c720c16b) Importer(815301076,1909f56bfc062723c751e8b465ee728b)
Start importing Assets/Resources using Guid(d17351fc204e42d4e9a67578c720c16b) Importer(815301076,1909f56bfc062723c751e8b465ee728b)  -> (artifact id: '6a30e9632d1ee7ef2096e927cccdb410') in 0.012540 seconds
  Import took 0.018345 seconds .

========================================================================
Received Import Request.
  Time since last request: 3.338286 seconds.
  path: Assets/Resources/Images
  artifactKey: Guid(a2e1532e9ee38114697aef73caefdc92) Importer(815301076,1909f56bfc062723c751e8b465ee728b)
Start importing Assets/Resources/Images using Guid(a2e1532e9ee38114697aef73caefdc92) Importer(815301076,1909f56bfc062723c751e8b465ee728b)  -> (artifact id: '71c1e356225417dce321bbabb06ffafa') in 0.026668 seconds
  Import took 0.032532 seconds .

========================================================================
Received Import Request.
  Time since last request: 431.517310 seconds.
  path: Assets/Scenes
  artifactKey: Guid(679972eef74f27b4cab3bacfce8dbc25) Importer(815301076,1909f56bfc062723c751e8b465ee728b)
Start importing Assets/Scenes using Guid(679972eef74f27b4cab3bacfce8dbc25) Importer(815301076,1909f56bfc062723c751e8b465ee728b)  -> (artifact id: 'c54c426c8802c557855ae6cd3671bd46') in 0.011825 seconds
  Import took 0.053408 seconds .

========================================================================
Received Import Request.
  Time since last request: 0.669551 seconds.
  path: Assets/Scenes/SampleScene.unity
  artifactKey: Guid(2cda990e2423bbf4892e6590ba056729) Importer(815301076,1909f56bfc062723c751e8b465ee728b)
Start importing Assets/Scenes/SampleScene.unity using Guid(2cda990e2423bbf4892e6590ba056729) Importer(815301076,1909f56bfc062723c751e8b465ee728b)  -> (artifact id: 'f4cd3df2f2677441bbab50587d11e9a2') in 0.029036 seconds
  Import took 0.034870 seconds .

========================================================================
Received Import Request.
  Time since last request: 42.339183 seconds.
  path: Assets
  artifactKey: Guid(00000000000000001000000000000000) Importer(815301076,1909f56bfc062723c751e8b465ee728b)
Start importing Assets using Guid(00000000000000001000000000000000) Importer(815301076,1909f56bfc062723c751e8b465ee728b)  -> (artifact id: 'f89434ac489deb914593f829e0a47671') in 0.014397 seconds
  Import took 0.020670 seconds .

========================================================================
Received Import Request.
  Time since last request: 4.009270 seconds.
  path: Assets/Scripts
  artifactKey: Guid(3643b491c78b917449a5be48c8e72b82) Importer(815301076,1909f56bfc062723c751e8b465ee728b)
Start importing Assets/Scripts using Guid(3643b491c78b917449a5be48c8e72b82) Importer(815301076,1909f56bfc062723c751e8b465ee728b)  -> (artifact id: 'fee1f574afdeffff36cda453e8d22470') in 0.032168 seconds
  Import took 0.086000 seconds .

========================================================================
Received Import Request.
  Time since last request: 12.260336 seconds.
  path: Assets/Scripts/BehaviourBase.cs
  artifactKey: Guid(5a7bc67d1d00a48498c8419807ef72ca) Importer(815301076,1909f56bfc062723c751e8b465ee728b)
Start importing Assets/Scripts/BehaviourBase.cs using Guid(5a7bc67d1d00a48498c8419807ef72ca) Importer(815301076,1909f56bfc062723c751e8b465ee728b)  -> (artifact id: '19a59ed4916a1f16eb51f48b18fa1225') in 0.099989 seconds
  Import took 0.105949 seconds .

========================================================================
Received Prepare
Registering precompiled user dll's ...
Registered in 0.001037 seconds.
Begin MonoManager ReloadAssembly
Native extension for WindowsStandalone target not found
Refreshing native plugins compatible for Editor in 0.40 ms, found 1 plugins.
Preloading 0 native plugins for Editor in 0.00 ms.
Invoked RoslynAnalysisRunner static constructor.
RoslynAnalysisRunner will not be running.
RoslynAnalysisRunner has terminated.
Mono: successfully reloaded assembly
- Completed reload, in  1.268 seconds
Platform modules already initialized, skipping
Refreshing native plugins compatible for Editor in 0.39 ms, found 1 plugins.
Preloading 0 native plugins for Editor in 0.00 ms.
Unloading 1802 Unused Serialized files (Serialized files now loaded: 0)
System memory in use before: 84.6 MB.
System memory in use after: 84.6 MB.

Unloading 12 unused Assets to reduce memory usage. Loaded Objects now: 2253.
Total: 2.620800 ms (FindLiveObjects: 0.205400 ms CreateObjectMapping: 0.155100 ms MarkObjects: 2.137500 ms  DeleteObjects: 0.121700 ms)

========================================================================
Received Import Request.
  Time since last request: 8.950031 seconds.
  path: Assets/Scripts/Behaviours
  artifactKey: Guid(41554d5e827c0ae49a1935d79890ee21) Importer(815301076,1909f56bfc062723c751e8b465ee728b)
Start importing Assets/Scripts/Behaviours using Guid(41554d5e827c0ae49a1935d79890ee21) Importer(815301076,1909f56bfc062723c751e8b465ee728b)  -> (artifact id: 'e7022070560202c26a3a4633c6c82460') in 0.013872 seconds
  Import took 0.028847 seconds .

========================================================================
Received Prepare
Registering precompiled user dll's ...
Registered in 0.001306 seconds.
Begin MonoManager ReloadAssembly
Native extension for WindowsStandalone target not found
Refreshing native plugins compatible for Editor in 0.41 ms, found 1 plugins.
Preloading 0 native plugins for Editor in 0.00 ms.
Invoked RoslynAnalysisRunner static constructor.
RoslynAnalysisRunner will not be running.
RoslynAnalysisRunner has terminated.
Mono: successfully reloaded assembly
- Completed reload, in  1.492 seconds
Platform modules already initialized, skipping
Refreshing native plugins compatible for Editor in 1.12 ms, found 1 plugins.
Preloading 0 native plugins for Editor in 0.00 ms.
Unloading 1802 Unused Serialized files (Serialized files now loaded: 0)
System memory in use before: 84.7 MB.
System memory in use after: 84.7 MB.

Unloading 12 unused Assets to reduce memory usage. Loaded Objects now: 2257.
Total: 2.365500 ms (FindLiveObjects: 0.177400 ms CreateObjectMapping: 0.069000 ms MarkObjects: 1.743000 ms  DeleteObjects: 0.374900 ms)

========================================================================
Received Prepare
Registering precompiled user dll's ...
Registered in 0.001146 seconds.
Begin MonoManager ReloadAssembly
Native extension for WindowsStandalone target not found
Refreshing native plugins compatible for Editor in 0.37 ms, found 1 plugins.
Preloading 0 native plugins for Editor in 0.00 ms.
Invoked RoslynAnalysisRunner static constructor.
RoslynAnalysisRunner will not be running.
RoslynAnalysisRunner has terminated.
Mono: successfully reloaded assembly
- Completed reload, in  0.969 seconds
Platform modules already initialized, skipping
Refreshing native plugins compatible for Editor in 0.39 ms, found 1 plugins.
Preloading 0 native plugins for Editor in 0.00 ms.
Unloading 1802 Unused Serialized files (Serialized files now loaded: 0)
System memory in use before: 84.7 MB.
System memory in use after: 84.7 MB.

Unloading 12 unused Assets to reduce memory usage. Loaded Objects now: 2261.
Total: 2.129000 ms (FindLiveObjects: 0.216300 ms CreateObjectMapping: 0.090900 ms MarkObjects: 1.668700 ms  DeleteObjects: 0.152300 ms)

AssetImportWorkerClient::OnTransportError - code=2 error=End of file
